2012-11-05 17:31:52,640 [org.springframework.jms.listener.DefaultMessageListenerContainer#0-1] WARN (AbstractMessageListenerContainer.java:694) ­ Execution of JMS message listener failed, and no ErrorHandler has been set.
org.springframework.jms.UncategorizedJmsException: Uncategorized exception occured during JMS processing; nested exception is javax.jms.JMSException: Failed to build body from bytes. Reason: java.io.InvalidClassException: com.mgwvalas.moneychanger.domain.Rate; local class incompatible: stream classdesc serialVersionUID = 5199403578266936967, local class serialVersionUID = 1740446502755781735
	at org.springframework.jms.support.JmsUtils.convertJmsAccessException(JmsUtils.java:316)
	at com.mgwvalas.sintesis.handler.RateUpdatedListener.onMessage(RateUpdatedListener.java:36)
	at org.springframework.jms.listener.AbstractMessageListenerContainer.doInvokeListener(AbstractMessageListenerContainer.java:560)
	at org.springframework.jms.listener.AbstractMessageListenerContainer.invokeListener(AbstractMessageListenerContainer.java:498)
	at org.springframework.jms.listener.AbstractMessageListenerContainer.doExecuteListener(AbstractMessageListenerContainer.java:467)
	at org.springframework.jms.listener.AbstractPollingMessageListenerContainer.doReceiveAndExecute(AbstractPollingMessageListenerContainer.java:325)
	at org.springframework.jms.listener.AbstractPollingMessageListenerContainer.receiveAndExecute(AbstractPollingMessageListenerContainer.java:263)
	at org.springframework.jms.listener.DefaultMessageListenerContainer$AsyncMessageListenerInvoker.invokeListener(DefaultMessageListenerContainer.java:1058)
	at org.springframework.jms.listener.DefaultMessageListenerContainer$AsyncMessageListenerInvoker.executeOngoingLoop(DefaultMessageListenerContainer.java:1050)
	at org.springframework.jms.listener.DefaultMessageListenerContainer$AsyncMessageListenerInvoker.run(DefaultMessageListenerContainer.java:947)
	at java.lang.Thread.run(Unknown Source)
Caused by: javax.jms.JMSException: Failed to build body from bytes. Reason: java.io.InvalidClassException: com.mgwvalas.moneychanger.domain.Rate; local class incompatible: stream classdesc serialVersionUID = 5199403578266936967, local class serialVersionUID = 1740446502755781735
	at org.apache.activemq.util.JMSExceptionSupport.create(JMSExceptionSupport.java:35)
	at org.apache.activemq.command.ActiveMQObjectMessage.getObject(ActiveMQObjectMessage.java:191)
	at com.mgwvalas.sintesis.handler.RateUpdatedListener.onMessage(RateUpdatedListener.java:32)
	... 9 more
Caused by: java.io.InvalidClassException: com.mgwvalas.moneychanger.domain.Rate; local class incompatible: stream classdesc serialVersionUID = 5199403578266936967, local class serialVersionUID = 1740446502755781735
	at java.io.ObjectStreamClass.initNonProxy(Unknown Source)
	at java.io.ObjectInputStream.readNonProxyDesc(Unknown Source)
	at java.io.ObjectInputStream.readClassDesc(Unknown Source)
	at java.io.ObjectInputStream.readOrdinaryObject(Unknown Source)
	at java.io.ObjectInputStream.readObject0(Unknown Source)
	at java.io.ObjectInputStream.readObject(Unknown Source)
	at java.util.ArrayList.readObject(Unknown Source)
	at sun.reflect.GeneratedMethodAccessor4.invoke(Unknown Source)
	at sun.reflect.DelegatingMethodAccessorImpl.invoke(Unknown Source)
	at java.lang.reflect.Method.invoke(Unknown Source)
	at java.io.ObjectStreamClass.invokeReadObject(Unknown Source)
	at java.io.ObjectInputStream.readSerialData(Unknown Source)
	at java.io.ObjectInputStream.readOrdinaryObject(Unknown Source)
	at java.io.ObjectInputStream.readObject0(Unknown Source)
	at java.io.ObjectInputStream.defaultReadFields(Unknown Source)
	at java.io.ObjectInputStream.readSerialData(Unknown Source)
	at java.io.ObjectInputStream.readOrdinaryObject(Unknown Source)
	at java.io.ObjectInputStream.readObject0(Unknown Source)
	at java.io.ObjectInputStream.readObject(Unknown Source)
	at org.apache.activemq.command.ActiveMQObjectMessage.getObject(ActiveMQObjectMessage.java:184)
	... 10 more
2012-11-05 17:31:53,484 [org.springframework.scheduling.quartz.SchedulerFactoryBean#0_Worker-8] INFO (SintesisService.java:64) ­ $$$$ generate sintesis valueRates [rates=[]]
2012-11-05 17:31:53,640 [org.springframework.jms.listener.DefaultMessageListenerContainer#0-1] WARN (AbstractMessageListenerContainer.java:694) ­ Execution of JMS message listener failed, and no ErrorHandler has been set.
org.springframework.jms.UncategorizedJmsException: Uncategorized exception occured during JMS processing; nested exception is javax.jms.JMSException: Failed to build body from bytes. Reason: java.io.InvalidClassException: com.mgwvalas.moneychanger.domain.Rate; local class incompatible: stream classdesc serialVersionUID = 5199403578266936967, local class serialVersionUID = 1740446502755781735
	at org.springframework.jms.support.JmsUtils.convertJmsAccessException(JmsUtils.java:316)
	at com.mgwvalas.sintesis.handler.RateUpdatedListener.onMessage(RateUpdatedListener.java:36)
	at org.springframework.jms.listener.AbstractMessageListenerContainer.doInvokeListener(AbstractMessageListenerContainer.java:560)
	at org.springframework.jms.listener.AbstractMessageListenerContainer.invokeListener(AbstractMessageListenerContainer.java:498)
	at org.springframework.jms.listener.AbstractMessageListenerContainer.doExecuteListener(AbstractMessageListenerContainer.java:467)
	at org.springframework.jms.listener.AbstractPollingMessageListenerContainer.doReceiveAndExecute(AbstractPollingMessageListenerContainer.java:325)
	at org.springframework.jms.listener.AbstractPollingMessageListenerContainer.receiveAndExecute(AbstractPollingMessageListenerContainer.java:263)
	at org.springframework.jms.listener.DefaultMessageListenerContainer$AsyncMessageListenerInvoker.invokeListener(DefaultMessageListenerContainer.java:1058)
	at org.springframework.jms.listener.DefaultMessageListenerContainer$AsyncMessageListenerInvoker.executeOngoingLoop(DefaultMessageListenerContainer.java:1050)
	at org.springframework.jms.listener.DefaultMessageListenerContainer$AsyncMessageListenerInvoker.run(DefaultMessageListenerContainer.java:947)
	at java.lang.Thread.run(Unknown Source)
Caused by: javax.jms.JMSException: Failed to build body from bytes. Reason: java.io.InvalidClassException: com.mgwvalas.moneychanger.domain.Rate; local class incompatible: stream classdesc serialVersionUID = 5199403578266936967, local class serialVersionUID = 1740446502755781735
	at org.apache.activemq.util.JMSExceptionSupport.create(JMSExceptionSupport.java:35)
	at org.apache.activemq.command.ActiveMQObjectMessage.getObject(ActiveMQObjectMessage.java:191)
	at com.mgwvalas.sintesis.handler.RateUpdatedListener.onMessage(RateUpdatedListener.java:32)
	... 9 more
Caused by: java.io.InvalidClassException: com.mgwvalas.moneychanger.domain.Rate; local class incompatible: stream classdesc serialVersionUID = 5199403578266936967, local class serialVersionUID = 1740446502755781735
	at java.io.ObjectStreamClass.initNonProxy(Unknown Source)
	at java.io.ObjectInputStream.readNonProxyDesc(Unknown Source)
	at java.io.ObjectInputStream.readClassDesc(Unknown Source)
	at java.io.ObjectInputStream.readOrdinaryObject(Unknown Source)
	at java.io.ObjectInputStream.readObject0(Unknown Source)
	at java.io.ObjectInputStream.readObject(Unknown Source)
	at java.util.ArrayList.readObject(Unknown Source)
	at sun.reflect.GeneratedMethodAccessor4.invoke(Unknown Source)
	at sun.reflect.DelegatingMethodAccessorImpl.invoke(Unknown Source)
	at java.lang.reflect.Method.invoke(Unknown Source)
	at java.io.ObjectStreamClass.invokeReadObject(Unknown Source)
	at java.io.ObjectInputStream.readSerialData(Unknown Source)
	at java.io.ObjectInputStream.readOrdinaryObject(Unknown Source)
	at java.io.ObjectInputStream.readObject0(Unknown Source)
	at java.io.ObjectInputStream.defaultReadFields(Unknown Source)
	at java.io.ObjectInputStream.readSerialData(Unknown Source)
	at java.io.ObjectInputStream.readOrdinaryObject(Unknown Source)
	at java.io.ObjectInputStream.readObject0(Unknown Source)
	at java.io.ObjectInputStream.readObject(Unknown Source)
	at org.apache.activemq.command.ActiveMQObjectMessage.getObject(ActiveMQObjectMessage.java:184)
	... 10 more
2012-11-05 17:31:54,640 [org.springframework.jms.listener.DefaultMessageListenerContainer#0-1] WARN (AbstractMessageListenerContainer.java:694) ­ Execution of JMS message listener failed, and no ErrorHandler has been set.
org.springframework.jms.UncategorizedJmsException: Uncategorized exception occured during JMS processing; nested exception is javax.jms.JMSException: Failed to build body from bytes. Reason: java.io.InvalidClassException: com.mgwvalas.moneychanger.domain.Rate; local class incompatible: stream classdesc serialVersionUID = 5199403578266936967, local class serialVersionUID = 1740446502755781735
	at org.springframework.jms.support.JmsUtils.convertJmsAccessException(JmsUtils.java:316)
	at com.mgwvalas.sintesis.handler.RateUpdatedListener.onMessage(RateUpdatedListener.java:36)
	at org.springframework.jms.listener.AbstractMessageListenerContainer.doInvokeListener(AbstractMessageListenerContainer.java:560)
	at org.springframework.jms.listener.AbstractMessageListenerContainer.invokeListener(AbstractMessageListenerContainer.java:498)
	at org.springframework.jms.listener.AbstractMessageListenerContainer.doExecuteListener(AbstractMessageListenerContainer.java:467)
	at org.springframework.jms.listener.AbstractPollingMessageListenerContainer.doReceiveAndExecute(AbstractPollingMessageListenerContainer.java:325)
	at org.springframework.jms.listener.AbstractPollingMessageListenerContainer.receiveAndExecute(AbstractPollingMessageListenerContainer.java:263)
	at org.springframework.jms.listener.DefaultMessageListenerContainer$AsyncMessageListenerInvoker.invokeListener(DefaultMessageListenerContainer.java:1058)
	at org.springframework.jms.listener.DefaultMessageListenerContainer$AsyncMessageListenerInvoker.executeOngoingLoop(DefaultMessageListenerContainer.java:1050)
	at org.springframework.jms.listener.DefaultMessageListenerContainer$AsyncMessageListenerInvoker.run(DefaultMessageListenerContainer.java:947)
	at java.lang.Thread.run(Unknown Source)
Caused by: javax.jms.JMSException: Failed to build body from bytes. Reason: java.io.InvalidClassException: com.mgwvalas.moneychanger.domain.Rate; local class incompatible: stream classdesc serialVersionUID = 5199403578266936967, local class serialVersionUID = 1740446502755781735
	at org.apache.activemq.util.JMSExceptionSupport.create(JMSExceptionSupport.java:35)
	at org.apache.activemq.command.ActiveMQObjectMessage.getObject(ActiveMQObjectMessage.java:191)
	at com.mgwvalas.sintesis.handler.RateUpdatedListener.onMessage(RateUpdatedListener.java:32)
	... 9 more
Caused by: java.io.InvalidClassException: com.mgwvalas.moneychanger.domain.Rate; local class incompatible: stream classdesc serialVersionUID = 5199403578266936967, local class serialVersionUID = 1740446502755781735
	at java.io.ObjectStreamClass.initNonProxy(Unknown Source)
	at java.io.ObjectInputStream.readNonProxyDesc(Unknown Source)
	at java.io.ObjectInputStream.readClassDesc(Unknown Source)
	at java.io.ObjectInputStream.readOrdinaryObject(Unknown Source)
	at java.io.ObjectInputStream.readObject0(Unknown Source)
	at java.io.ObjectInputStream.readObject(Unknown Source)
	at java.util.ArrayList.readObject(Unknown Source)
	at sun.reflect.GeneratedMethodAccessor4.invoke(Unknown Source)
	at sun.reflect.DelegatingMethodAccessorImpl.invoke(Unknown Source)
	at java.lang.reflect.Method.invoke(Unknown Source)
	at java.io.ObjectStreamClass.invokeReadObject(Unknown Source)
	at java.io.ObjectInputStream.readSerialData(Unknown Source)
	at java.io.ObjectInputStream.readOrdinaryObject(Unknown Source)
	at java.io.ObjectInputStream.readObject0(Unknown Source)
	at java.io.ObjectInputStream.defaultReadFields(Unknown Source)
	at java.io.ObjectInputStream.readSerialData(Unknown Source)
	at java.io.ObjectInputStream.readOrdinaryObject(Unknown Source)
	at java.io.ObjectInputStream.readObject0(Unknown Source)
	at java.io.ObjectInputStream.readObject(Unknown Source)
	at org.apache.activemq.command.ActiveMQObjectMessage.getObject(ActiveMQObjectMessage.java:184)
	... 10 more
2012-11-05 17:31:54,640 [org.springframework.jms.listener.DefaultMessageListenerContainer#0-1] WARN (AbstractMessageListenerContainer.java:694) ­ Execution of JMS message listener failed, and no ErrorHandler has been set.
org.springframework.jms.UncategorizedJmsException: Uncategorized exception occured during JMS processing; nested exception is javax.jms.JMSException: Failed to build body from bytes. Reason: java.io.InvalidClassException: com.mgwvalas.moneychanger.domain.Rate; local class incompatible: stream classdesc serialVersionUID = 5199403578266936967, local class serialVersionUID = 1740446502755781735
	at org.springframework.jms.support.JmsUtils.convertJmsAccessException(JmsUtils.java:316)
	at com.mgwvalas.sintesis.handler.RateUpdatedListener.onMessage(RateUpdatedListener.java:36)
	at org.springframework.jms.listener.AbstractMessageListenerContainer.doInvokeListener(AbstractMessageListenerContainer.java:560)
	at org.springframework.jms.listener.AbstractMessageListenerContainer.invokeListener(AbstractMessageListenerContainer.java:498)
	at org.springframework.jms.listener.AbstractMessageListenerContainer.doExecuteListener(AbstractMessageListenerContainer.java:467)
	at org.springframework.jms.listener.AbstractPollingMessageListenerContainer.doReceiveAndExecute(AbstractPollingMessageListenerContainer.java:325)
	at org.springframework.jms.listener.AbstractPollingMessageListenerContainer.receiveAndExecute(AbstractPollingMessageListenerContainer.java:263)
	at org.springframework.jms.listener.DefaultMessageListenerContainer$AsyncMessageListenerInvoker.invokeListener(DefaultMessageListenerContainer.java:1058)
	at org.springframework.jms.listener.DefaultMessageListenerContainer$AsyncMessageListenerInvoker.executeOngoingLoop(DefaultMessageListenerContainer.java:1050)
	at org.springframework.jms.listener.DefaultMessageListenerContainer$AsyncMessageListenerInvoker.run(DefaultMessageListenerContainer.java:947)
	at java.lang.Thread.run(Unknown Source)
Caused by: javax.jms.JMSException: Failed to build body from bytes. Reason: java.io.InvalidClassException: com.mgwvalas.moneychanger.domain.Rate; local class incompatible: stream classdesc serialVersionUID = 5199403578266936967, local class serialVersionUID = 1740446502755781735
	at org.apache.activemq.util.JMSExceptionSupport.create(JMSExceptionSupport.java:35)
	at org.apache.activemq.command.ActiveMQObjectMessage.getObject(ActiveMQObjectMessage.java:191)
	at com.mgwvalas.sintesis.handler.RateUpdatedListener.onMessage(RateUpdatedListener.java:32)
	... 9 more
Caused by: java.io.InvalidClassException: com.mgwvalas.moneychanger.domain.Rate; local class incompatible: stream classdesc serialVersionUID = 5199403578266936967, local class serialVersionUID = 1740446502755781735
	at java.io.ObjectStreamClass.initNonProxy(Unknown Source)
	at java.io.ObjectInputStream.readNonProxyDesc(Unknown Source)
	at java.io.ObjectInputStream.readClassDesc(Unknown Source)
	at java.io.ObjectInputStream.readOrdinaryObject(Unknown Source)
	at java.io.ObjectInputStream.readObject0(Unknown Source)
	at java.io.ObjectInputStream.readObject(Unknown Source)
	at java.util.ArrayList.readObject(Unknown Source)
	at sun.reflect.GeneratedMethodAccessor4.invoke(Unknown Source)
	at sun.reflect.DelegatingMethodAccessorImpl.invoke(Unknown Source)
	at java.lang.reflect.Method.invoke(Unknown Source)
	at java.io.ObjectStreamClass.invokeReadObject(Unknown Source)
	at java.io.ObjectInputStream.readSerialData(Unknown Source)
	at java.io.ObjectInputStream.readOrdinaryObject(Unknown Source)
	at java.io.ObjectInputStream.readObject0(Unknown Source)
	at java.io.ObjectInputStream.defaultReadFields(Unknown Source)
	at java.io.ObjectInputStream.readSerialData(Unknown Source)
	at java.io.ObjectInputStream.readOrdinaryObject(Unknown Source)
	at java.io.ObjectInputStream.readObject0(Unknown Source)
	at java.io.ObjectInputStream.readObject(Unknown Source)
	at org.apache.activemq.command.ActiveMQObjectMessage.getObject(ActiveMQObjectMessage.java:184)
	... 10 more
2012-11-05 17:31:55,640 [org.springframework.jms.listener.DefaultMessageListenerContainer#0-1] WARN (AbstractMessageListenerContainer.java:694) ­ Execution of JMS message listener failed, and no ErrorHandler has been set.
org.springframework.jms.UncategorizedJmsException: Uncategorized exception occured during JMS processing; nested exception is javax.jms.JMSException: Failed to build body from bytes. Reason: java.io.InvalidClassException: com.mgwvalas.moneychanger.domain.Rate; local class incompatible: stream classdesc serialVersionUID = 5199403578266936967, local class serialVersionUID = 1740446502755781735
	at org.springframework.jms.support.JmsUtils.convertJmsAccessException(JmsUtils.java:316)
	at com.mgwvalas.sintesis.handler.RateUpdatedListener.onMessage(RateUpdatedListener.java:36)
	at org.springframework.jms.listener.AbstractMessageListenerContainer.doInvokeListener(AbstractMessageListenerContainer.java:560)
	at org.springframework.jms.listener.AbstractMessageListenerContainer.invokeListener(AbstractMessageListenerContainer.java:498)
	at org.springframework.jms.listener.AbstractMessageListenerContainer.doExecuteListener(AbstractMessageListenerContainer.java:467)
	at org.springframework.jms.listener.AbstractPollingMessageListenerContainer.doReceiveAndExecute(AbstractPollingMessageListenerContainer.java:325)
	at org.springframework.jms.listener.AbstractPollingMessageListenerContainer.receiveAndExecute(AbstractPollingMessageListenerContainer.java:263)
	at org.springframework.jms.listener.DefaultMessageListenerContainer$AsyncMessageListenerInvoker.invokeListener(DefaultMessageListenerContainer.java:1058)
	at org.springframework.jms.listener.DefaultMessageListenerContainer$AsyncMessageListenerInvoker.executeOngoingLoop(DefaultMessageListenerContainer.java:1050)
	at org.springframework.jms.listener.DefaultMessageListenerContainer$AsyncMessageListenerInvoker.run(DefaultMessageListenerContainer.java:947)
	at java.lang.Thread.run(Unknown Source)
Caused by: javax.jms.JMSException: Failed to build body from bytes. Reason: java.io.InvalidClassException: com.mgwvalas.moneychanger.domain.Rate; local class incompatible: stream classdesc serialVersionUID = 5199403578266936967, local class serialVersionUID = 1740446502755781735
	at org.apache.activemq.util.JMSExceptionSupport.create(JMSExceptionSupport.java:35)
	at org.apache.activemq.command.ActiveMQObjectMessage.getObject(ActiveMQObjectMessage.java:191)
	at com.mgwvalas.sintesis.handler.RateUpdatedListener.onMessage(RateUpdatedListener.java:32)
	... 9 more
Caused by: java.io.InvalidClassException: com.mgwvalas.moneychanger.domain.Rate; local class incompatible: stream classdesc serialVersionUID = 5199403578266936967, local class serialVersionUID = 1740446502755781735
	at java.io.ObjectStreamClass.initNonProxy(Unknown Source)
	at java.io.ObjectInputStream.readNonProxyDesc(Unknown Source)
	at java.io.ObjectInputStream.readClassDesc(Unknown Source)
	at java.io.ObjectInputStream.readOrdinaryObject(Unknown Source)
	at java.io.ObjectInputStream.readObject0(Unknown Source)
	at java.io.ObjectInputStream.readObject(Unknown Source)
	at java.util.ArrayList.readObject(Unknown Source)
	at sun.reflect.GeneratedMethodAccessor4.invoke(Unknown Source)
	at sun.reflect.DelegatingMethodAccessorImpl.invoke(Unknown Source)
	at java.lang.reflect.Method.invoke(Unknown Source)
	at java.io.ObjectStreamClass.invokeReadObject(Unknown Source)
	at java.io.ObjectInputStream.readSerialData(Unknown Source)
	at java.io.ObjectInputStream.readOrdinaryObject(Unknown Source)
	at java.io.ObjectInputStream.readObject0(Unknown Source)
	at java.io.ObjectInputStream.defaultReadFields(Unknown Source)
	at java.io.ObjectInputStream.readSerialData(Unknown Source)
	at java.io.ObjectInputStream.readOrdinaryObject(Unknown Source)
	at java.io.ObjectInputStream.readObject0(Unknown Source)
	at java.io.ObjectInputStream.readObject(Unknown Source)
	at org.apache.activemq.command.ActiveMQObjectMessage.getObject(ActiveMQObjectMessage.java:184)
	... 10 more
2012-11-05 17:31:56,640 [org.springframework.jms.listener.DefaultMessageListenerContainer#0-1] WARN (AbstractMessageListenerContainer.java:694) ­ Execution of JMS message listener failed, and no ErrorHandler has been set.
org.springframework.jms.UncategorizedJmsException: Uncategorized exception occured during JMS processing; nested exception is javax.jms.JMSException: Failed to build body from bytes. Reason: java.io.InvalidClassException: com.mgwvalas.moneychanger.domain.Rate; local class incompatible: stream classdesc serialVersionUID = 5199403578266936967, local class serialVersionUID = 1740446502755781735
	at org.springframework.jms.support.JmsUtils.convertJmsAccessException(JmsUtils.java:316)
	at com.mgwvalas.sintesis.handler.RateUpdatedListener.onMessage(RateUpdatedListener.java:36)
	at org.springframework.jms.listener.AbstractMessageListenerContainer.doInvokeListener(AbstractMessageListenerContainer.java:560)
	at org.springframework.jms.listener.AbstractMessageListenerContainer.invokeListener(AbstractMessageListenerContainer.java:498)
	at org.springframework.jms.listener.AbstractMessageListenerContainer.doExecuteListener(AbstractMessageListenerContainer.java:467)
	at org.springframework.jms.listener.AbstractPollingMessageListenerContainer.doReceiveAndExecute(AbstractPollingMessageListenerContainer.java:325)
	at org.springframework.jms.listener.AbstractPollingMessageListenerContainer.receiveAndExecute(AbstractPollingMessageListenerContainer.java:263)
	at org.springframework.jms.listener.DefaultMessageListenerContainer$AsyncMessageListenerInvoker.invokeListener(DefaultMessageListenerContainer.java:1058)
	at org.springframework.jms.listener.DefaultMessageListenerContainer$AsyncMessageListenerInvoker.executeOngoingLoop(DefaultMessageListenerContainer.java:1050)
	at org.springframework.jms.listener.DefaultMessageListenerContainer$AsyncMessageListenerInvoker.run(DefaultMessageListenerContainer.java:947)
	at java.lang.Thread.run(Unknown Source)
Caused by: javax.jms.JMSException: Failed to build body from bytes. Reason: java.io.InvalidClassException: com.mgwvalas.moneychanger.domain.Rate; local class incompatible: stream classdesc serialVersionUID = 5199403578266936967, local class serialVersionUID = 1740446502755781735
	at org.apache.activemq.util.JMSExceptionSupport.create(JMSExceptionSupport.java:35)
	at org.apache.activemq.command.ActiveMQObjectMessage.getObject(ActiveMQObjectMessage.java:191)
	at com.mgwvalas.sintesis.handler.RateUpdatedListener.onMessage(RateUpdatedListener.java:32)
	... 9 more
Caused by: java.io.InvalidClassException: com.mgwvalas.moneychanger.domain.Rate; local class incompatible: stream classdesc serialVersionUID = 5199403578266936967, local class serialVersionUID = 1740446502755781735
	at java.io.ObjectStreamClass.initNonProxy(Unknown Source)
	at java.io.ObjectInputStream.readNonProxyDesc(Unknown Source)
	at java.io.ObjectInputStream.readClassDesc(Unknown Source)
	at java.io.ObjectInputStream.readOrdinaryObject(Unknown Source)
	at java.io.ObjectInputStream.readObject0(Unknown Source)
	at java.io.ObjectInputStream.readObject(Unknown Source)
	at java.util.ArrayList.readObject(Unknown Source)
	at sun.reflect.GeneratedMethodAccessor4.invoke(Unknown Source)
	at sun.reflect.DelegatingMethodAccessorImpl.invoke(Unknown Source)
	at java.lang.reflect.Method.invoke(Unknown Source)
	at java.io.ObjectStreamClass.invokeReadObject(Unknown Source)
	at java.io.ObjectInputStream.readSerialData(Unknown Source)
	at java.io.ObjectInputStream.readOrdinaryObject(Unknown Source)
	at java.io.ObjectInputStream.readObject0(Unknown Source)
	at java.io.ObjectInputStream.defaultReadFields(Unknown Source)
	at java.io.ObjectInputStream.readSerialData(Unknown Source)
	at java.io.ObjectInputStream.readOrdinaryObject(Unknown Source)
	at java.io.ObjectInputStream.readObject0(Unknown Source)
	at java.io.ObjectInputStream.readObject(Unknown Source)
	at org.apache.activemq.command.ActiveMQObjectMessage.getObject(ActiveMQObjectMessage.java:184)
	... 10 more
2012-11-05 17:31:57,703 [org.springframework.jms.listener.DefaultMessageListenerContainer#0-1] WARN (AbstractMessageListenerContainer.java:694) ­ Execution of JMS message listener failed, and no ErrorHandler has been set.
org.springframework.jms.UncategorizedJmsException: Uncategorized exception occured during JMS processing; nested exception is javax.jms.JMSException: Failed to build body from bytes. Reason: java.io.InvalidClassException: com.mgwvalas.moneychanger.domain.Rate; local class incompatible: stream classdesc serialVersionUID = 5199403578266936967, local class serialVersionUID = 1740446502755781735
	at org.springframework.jms.support.JmsUtils.convertJmsAccessException(JmsUtils.java:316)
	at com.mgwvalas.sintesis.handler.RateUpdatedListener.onMessage(RateUpdatedListener.java:36)
	at org.springframework.jms.listener.AbstractMessageListenerContainer.doInvokeListener(AbstractMessageListenerContainer.java:560)
	at org.springframework.jms.listener.AbstractMessageListenerContainer.invokeListener(AbstractMessageListenerContainer.java:498)
	at org.springframework.jms.listener.AbstractMessageListenerContainer.doExecuteListener(AbstractMessageListenerContainer.java:467)
	at org.springframework.jms.listener.AbstractPollingMessageListenerContainer.doReceiveAndExecute(AbstractPollingMessageListenerContainer.java:325)
	at org.springframework.jms.listener.AbstractPollingMessageListenerContainer.receiveAndExecute(AbstractPollingMessageListenerContainer.java:263)
	at org.springframework.jms.listener.DefaultMessageListenerContainer$AsyncMessageListenerInvoker.invokeListener(DefaultMessageListenerContainer.java:1058)
	at org.springframework.jms.listener.DefaultMessageListenerContainer$AsyncMessageListenerInvoker.executeOngoingLoop(DefaultMessageListenerContainer.java:1050)
	at org.springframework.jms.listener.DefaultMessageListenerContainer$AsyncMessageListenerInvoker.run(DefaultMessageListenerContainer.java:947)
	at java.lang.Thread.run(Unknown Source)
Caused by: javax.jms.JMSException: Failed to build body from bytes. Reason: java.io.InvalidClassException: com.mgwvalas.moneychanger.domain.Rate; local class incompatible: stream classdesc serialVersionUID = 5199403578266936967, local class serialVersionUID = 1740446502755781735
	at org.apache.activemq.util.JMSExceptionSupport.create(JMSExceptionSupport.java:35)
	at org.apache.activemq.command.ActiveMQObjectMessage.getObject(ActiveMQObjectMessage.java:191)
	at com.mgwvalas.sintesis.handler.RateUpdatedListener.onMessage(RateUpdatedListener.java:32)
	... 9 more
Caused by: java.io.InvalidClassException: com.mgwvalas.moneychanger.domain.Rate; local class incompatible: stream classdesc serialVersionUID = 5199403578266936967, local class serialVersionUID = 1740446502755781735
	at java.io.ObjectStreamClass.initNonProxy(Unknown Source)
	at java.io.ObjectInputStream.readNonProxyDesc(Unknown Source)
	at java.io.ObjectInputStream.readClassDesc(Unknown Source)
	at java.io.ObjectInputStream.readOrdinaryObject(Unknown Source)
	at java.io.ObjectInputStream.readObject0(Unknown Source)
	at java.io.ObjectInputStream.readObject(Unknown Source)
	at java.util.ArrayList.readObject(Unknown Source)
	at sun.reflect.GeneratedMethodAccessor4.invoke(Unknown Source)
	at sun.reflect.DelegatingMethodAccessorImpl.invoke(Unknown Source)
	at java.lang.reflect.Method.invoke(Unknown Source)
	at java.io.ObjectStreamClass.invokeReadObject(Unknown Source)
	at java.io.ObjectInputStream.readSerialData(Unknown Source)
	at java.io.ObjectInputStream.readOrdinaryObject(Unknown Source)
	at java.io.ObjectInputStream.readObject0(Unknown Source)
	at java.io.ObjectInputStream.defaultReadFields(Unknown Source)
	at java.io.ObjectInputStream.readSerialData(Unknown Source)
	at java.io.ObjectInputStream.readOrdinaryObject(Unknown Source)
	at java.io.ObjectInputStream.readObject0(Unknown Source)
	at java.io.ObjectInputStream.readObject(Unknown Source)
	at org.apache.activemq.command.ActiveMQObjectMessage.getObject(ActiveMQObjectMessage.java:184)
	... 10 more
2012-11-05 17:31:58,703 [org.springframework.jms.listener.DefaultMessageListenerContainer#0-1] WARN (AbstractMessageListenerContainer.java:694) ­ Execution of JMS message listener failed, and no ErrorHandler has been set.
org.springframework.jms.UncategorizedJmsException: Uncategorized exception occured during JMS processing; nested exception is javax.jms.JMSException: Failed to build body from bytes. Reason: java.io.InvalidClassException: com.mgwvalas.moneychanger.domain.Rate; local class incompatible: stream classdesc serialVersionUID = 5199403578266936967, local class serialVersionUID = 1740446502755781735
	at org.springframework.jms.support.JmsUtils.convertJmsAccessException(JmsUtils.java:316)
	at com.mgwvalas.sintesis.handler.RateUpdatedListener.onMessage(RateUpdatedListener.java:36)
	at org.springframework.jms.listener.AbstractMessageListenerContainer.doInvokeListener(AbstractMessageListenerContainer.java:560)
	at org.springframework.jms.listener.AbstractMessageListenerContainer.invokeListener(AbstractMessageListenerContainer.java:498)
	at org.springframework.jms.listener.AbstractMessageListenerContainer.doExecuteListener(AbstractMessageListenerContainer.java:467)
	at org.springframework.jms.listener.AbstractPollingMessageListenerContainer.doReceiveAndExecute(AbstractPollingMessageListenerContainer.java:325)
	at org.springframework.jms.listener.AbstractPollingMessageListenerContainer.receiveAndExecute(AbstractPollingMessageListenerContainer.java:263)
	at org.springframework.jms.listener.DefaultMessageListenerContainer$AsyncMessageListenerInvoker.invokeListener(DefaultMessageListenerContainer.java:1058)
	at org.springframework.jms.listener.DefaultMessageListenerContainer$AsyncMessageListenerInvoker.executeOngoingLoop(DefaultMessageListenerContainer.java:1050)
	at org.springframework.jms.listener.DefaultMessageListenerContainer$AsyncMessageListenerInvoker.run(DefaultMessageListenerContainer.java:947)
	at java.lang.Thread.run(Unknown Source)
Caused by: javax.jms.JMSException: Failed to build body from bytes. Reason: java.io.InvalidClassException: com.mgwvalas.moneychanger.domain.Rate; local class incompatible: stream classdesc serialVersionUID = 5199403578266936967, local class serialVersionUID = 1740446502755781735
	at org.apache.activemq.util.JMSExceptionSupport.create(JMSExceptionSupport.java:35)
	at org.apache.activemq.command.ActiveMQObjectMessage.getObject(ActiveMQObjectMessage.java:191)
	at com.mgwvalas.sintesis.handler.RateUpdatedListener.onMessage(RateUpdatedListener.java:32)
	... 9 more
Caused by: java.io.InvalidClassException: com.mgwvalas.moneychanger.domain.Rate; local class incompatible: stream classdesc serialVersionUID = 5199403578266936967, local class serialVersionUID = 1740446502755781735
	at java.io.ObjectStreamClass.initNonProxy(Unknown Source)
	at java.io.ObjectInputStream.readNonProxyDesc(Unknown Source)
	at java.io.ObjectInputStream.readClassDesc(Unknown Source)
	at java.io.ObjectInputStream.readOrdinaryObject(Unknown Source)
	at java.io.ObjectInputStream.readObject0(Unknown Source)
	at java.io.ObjectInputStream.readObject(Unknown Source)
	at java.util.ArrayList.readObject(Unknown Source)
	at sun.reflect.GeneratedMethodAccessor4.invoke(Unknown Source)
	at sun.reflect.DelegatingMethodAccessorImpl.invoke(Unknown Source)
	at java.lang.reflect.Method.invoke(Unknown Source)
	at java.io.ObjectStreamClass.invokeReadObject(Unknown Source)
	at java.io.ObjectInputStream.readSerialData(Unknown Source)
	at java.io.ObjectInputStream.readOrdinaryObject(Unknown Source)
	at java.io.ObjectInputStream.readObject0(Unknown Source)
	at java.io.ObjectInputStream.defaultReadFields(Unknown Source)
	at java.io.ObjectInputStream.readSerialData(Unknown Source)
	at java.io.ObjectInputStream.readOrdinaryObject(Unknown Source)
	at java.io.ObjectInputStream.readObject0(Unknown Source)
	at java.io.ObjectInputStream.readObject(Unknown Source)
	at org.apache.activemq.command.ActiveMQObjectMessage.getObject(ActiveMQObjectMessage.java:184)
	... 10 more
2012-11-05 17:31:59,703 [org.springframework.jms.listener.DefaultMessageListenerContainer#0-1] WARN (AbstractMessageListenerContainer.java:694) ­ Execution of JMS message listener failed, and no ErrorHandler has been set.
org.springframework.jms.UncategorizedJmsException: Uncategorized exception occured during JMS processing; nested exception is javax.jms.JMSException: Failed to build body from bytes. Reason: java.io.InvalidClassException: com.mgwvalas.moneychanger.domain.Rate; local class incompatible: stream classdesc serialVersionUID = 5199403578266936967, local class serialVersionUID = 1740446502755781735
	at org.springframework.jms.support.JmsUtils.convertJmsAccessException(JmsUtils.java:316)
	at com.mgwvalas.sintesis.handler.RateUpdatedListener.onMessage(RateUpdatedListener.java:36)
	at org.springframework.jms.listener.AbstractMessageListenerContainer.doInvokeListener(AbstractMessageListenerContainer.java:560)
	at org.springframework.jms.listener.AbstractMessageListenerContainer.invokeListener(AbstractMessageListenerContainer.java:498)
	at org.springframework.jms.listener.AbstractMessageListenerContainer.doExecuteListener(AbstractMessageListenerContainer.java:467)
	at org.springframework.jms.listener.AbstractPollingMessageListenerContainer.doReceiveAndExecute(AbstractPollingMessageListenerContainer.java:325)
	at org.springframework.jms.listener.AbstractPollingMessageListenerContainer.receiveAndExecute(AbstractPollingMessageListenerContainer.java:263)
	at org.springframework.jms.listener.DefaultMessageListenerContainer$AsyncMessageListenerInvoker.invokeListener(DefaultMessageListenerContainer.java:1058)
	at org.springframework.jms.listener.DefaultMessageListenerContainer$AsyncMessageListenerInvoker.executeOngoingLoop(DefaultMessageListenerContainer.java:1050)
	at org.springframework.jms.listener.DefaultMessageListenerContainer$AsyncMessageListenerInvoker.run(DefaultMessageListenerContainer.java:947)
	at java.lang.Thread.run(Unknown Source)
Caused by: javax.jms.JMSException: Failed to build body from bytes. Reason: java.io.InvalidClassException: com.mgwvalas.moneychanger.domain.Rate; local class incompatible: stream classdesc serialVersionUID = 5199403578266936967, local class serialVersionUID = 1740446502755781735
	at org.apache.activemq.util.JMSExceptionSupport.create(JMSExceptionSupport.java:35)
	at org.apache.activemq.command.ActiveMQObjectMessage.getObject(ActiveMQObjectMessage.java:191)
	at com.mgwvalas.sintesis.handler.RateUpdatedListener.onMessage(RateUpdatedListener.java:32)
	... 9 more
Caused by: java.io.InvalidClassException: com.mgwvalas.moneychanger.domain.Rate; local class incompatible: stream classdesc serialVersionUID = 5199403578266936967, local class serialVersionUID = 1740446502755781735
	at java.io.ObjectStreamClass.initNonProxy(Unknown Source)
	at java.io.ObjectInputStream.readNonProxyDesc(Unknown Source)
	at java.io.ObjectInputStream.readClassDesc(Unknown Source)
	at java.io.ObjectInputStream.readOrdinaryObject(Unknown Source)
	at java.io.ObjectInputStream.readObject0(Unknown Source)
	at java.io.ObjectInputStream.readObject(Unknown Source)
	at java.util.ArrayList.readObject(Unknown Source)
	at sun.reflect.GeneratedMethodAccessor4.invoke(Unknown Source)
	at sun.reflect.DelegatingMethodAccessorImpl.invoke(Unknown Source)
	at java.lang.reflect.Method.invoke(Unknown Source)
	at java.io.ObjectStreamClass.invokeReadObject(Unknown Source)
	at java.io.ObjectInputStream.readSerialData(Unknown Source)
	at java.io.ObjectInputStream.readOrdinaryObject(Unknown Source)
	at java.io.ObjectInputStream.readObject0(Unknown Source)
	at java.io.ObjectInputStream.defaultReadFields(Unknown Source)
	at java.io.ObjectInputStream.readSerialData(Unknown Source)
	at java.io.ObjectInputStream.readOrdinaryObject(Unknown Source)
	at java.io.ObjectInputStream.readObject0(Unknown Source)
	at java.io.ObjectInputStream.readObject(Unknown Source)
	at org.apache.activemq.command.ActiveMQObjectMessage.getObject(ActiveMQObjectMessage.java:184)
	... 10 more
2012-11-05 17:32:00,703 [org.springframework.jms.listener.DefaultMessageListenerContainer#0-1] WARN (AbstractMessageListenerContainer.java:694) ­ Execution of JMS message listener failed, and no ErrorHandler has been set.
org.springframework.jms.UncategorizedJmsException: Uncategorized exception occured during JMS processing; nested exception is javax.jms.JMSException: Failed to build body from bytes. Reason: java.io.InvalidClassException: com.mgwvalas.moneychanger.domain.Rate; local class incompatible: stream classdesc serialVersionUID = 5199403578266936967, local class serialVersionUID = 1740446502755781735
	at org.springframework.jms.support.JmsUtils.convertJmsAccessException(JmsUtils.java:316)
	at com.mgwvalas.sintesis.handler.RateUpdatedListener.onMessage(RateUpdatedListener.java:36)
	at org.springframework.jms.listener.AbstractMessageListenerContainer.doInvokeListener(AbstractMessageListenerContainer.java:560)
	at org.springframework.jms.listener.AbstractMessageListenerContainer.invokeListener(AbstractMessageListenerContainer.java:498)
	at org.springframework.jms.listener.AbstractMessageListenerContainer.doExecuteListener(AbstractMessageListenerContainer.java:467)
	at org.springframework.jms.listener.AbstractPollingMessageListenerContainer.doReceiveAndExecute(AbstractPollingMessageListenerContainer.java:325)
	at org.springframework.jms.listener.AbstractPollingMessageListenerContainer.receiveAndExecute(AbstractPollingMessageListenerContainer.java:263)
	at org.springframework.jms.listener.DefaultMessageListenerContainer$AsyncMessageListenerInvoker.invokeListener(DefaultMessageListenerContainer.java:1058)
	at org.springframework.jms.listener.DefaultMessageListenerContainer$AsyncMessageListenerInvoker.executeOngoingLoop(DefaultMessageListenerContainer.java:1050)
	at org.springframework.jms.listener.DefaultMessageListenerContainer$AsyncMessageListenerInvoker.run(DefaultMessageListenerContainer.java:947)
	at java.lang.Thread.run(Unknown Source)
Caused by: javax.jms.JMSException: Failed to build body from bytes. Reason: java.io.InvalidClassException: com.mgwvalas.moneychanger.domain.Rate; local class incompatible: stream classdesc serialVersionUID = 5199403578266936967, local class serialVersionUID = 1740446502755781735
	at org.apache.activemq.util.JMSExceptionSupport.create(JMSExceptionSupport.java:35)
	at org.apache.activemq.command.ActiveMQObjectMessage.getObject(ActiveMQObjectMessage.java:191)
	at com.mgwvalas.sintesis.handler.RateUpdatedListener.onMessage(RateUpdatedListener.java:32)
	... 9 more
Caused by: java.io.InvalidClassException: com.mgwvalas.moneychanger.domain.Rate; local class incompatible: stream classdesc serialVersionUID = 5199403578266936967, local class serialVersionUID = 1740446502755781735
	at java.io.ObjectStreamClass.initNonProxy(Unknown Source)
	at java.io.ObjectInputStream.readNonProxyDesc(Unknown Source)
	at java.io.ObjectInputStream.readClassDesc(Unknown Source)
	at java.io.ObjectInputStream.readOrdinaryObject(Unknown Source)
	at java.io.ObjectInputStream.readObject0(Unknown Source)
	at java.io.ObjectInputStream.readObject(Unknown Source)
	at java.util.ArrayList.readObject(Unknown Source)
	at sun.reflect.GeneratedMethodAccessor4.invoke(Unknown Source)
	at sun.reflect.DelegatingMethodAccessorImpl.invoke(Unknown Source)
	at java.lang.reflect.Method.invoke(Unknown Source)
	at java.io.ObjectStreamClass.invokeReadObject(Unknown Source)
	at java.io.ObjectInputStream.readSerialData(Unknown Source)
	at java.io.ObjectInputStream.readOrdinaryObject(Unknown Source)
	at java.io.ObjectInputStream.readObject0(Unknown Source)
	at java.io.ObjectInputStream.defaultReadFields(Unknown Source)
	at java.io.ObjectInputStream.readSerialData(Unknown Source)
	at java.io.ObjectInputStream.readOrdinaryObject(Unknown Source)
	at java.io.ObjectInputStream.readObject0(Unknown Source)
	at java.io.ObjectInputStream.readObject(Unknown Source)
	at org.apache.activemq.command.ActiveMQObjectMessage.getObject(ActiveMQObjectMessage.java:184)
	... 10 more
2012-11-05 17:32:00,718 [org.springframework.jms.listener.DefaultMessageListenerContainer#0-1] WARN (AbstractMessageListenerContainer.java:694) ­ Execution of JMS message listener failed, and no ErrorHandler has been set.
org.springframework.jms.UncategorizedJmsException: Uncategorized exception occured during JMS processing; nested exception is javax.jms.JMSException: Failed to build body from bytes. Reason: java.io.InvalidClassException: com.mgwvalas.moneychanger.domain.Rate; local class incompatible: stream classdesc serialVersionUID = 5199403578266936967, local class serialVersionUID = 1740446502755781735
	at org.springframework.jms.support.JmsUtils.convertJmsAccessException(JmsUtils.java:316)
	at com.mgwvalas.sintesis.handler.RateUpdatedListener.onMessage(RateUpdatedListener.java:36)
	at org.springframework.jms.listener.AbstractMessageListenerContainer.doInvokeListener(AbstractMessageListenerContainer.java:560)
	at org.springframework.jms.listener.AbstractMessageListenerContainer.invokeListener(AbstractMessageListenerContainer.java:498)
	at org.springframework.jms.listener.AbstractMessageListenerContainer.doExecuteListener(AbstractMessageListenerContainer.java:467)
	at org.springframework.jms.listener.AbstractPollingMessageListenerContainer.doReceiveAndExecute(AbstractPollingMessageListenerContainer.java:325)
	at org.springframework.jms.listener.AbstractPollingMessageListenerContainer.receiveAndExecute(AbstractPollingMessageListenerContainer.java:263)
	at org.springframework.jms.listener.DefaultMessageListenerContainer$AsyncMessageListenerInvoker.invokeListener(DefaultMessageListenerContainer.java:1058)
	at org.springframework.jms.listener.DefaultMessageListenerContainer$AsyncMessageListenerInvoker.executeOngoingLoop(DefaultMessageListenerContainer.java:1050)
	at org.springframework.jms.listener.DefaultMessageListenerContainer$AsyncMessageListenerInvoker.run(DefaultMessageListenerContainer.java:947)
	at java.lang.Thread.run(Unknown Source)
Caused by: javax.jms.JMSException: Failed to build body from bytes. Reason: java.io.InvalidClassException: com.mgwvalas.moneychanger.domain.Rate; local class incompatible: stream classdesc serialVersionUID = 5199403578266936967, local class serialVersionUID = 1740446502755781735
	at org.apache.activemq.util.JMSExceptionSupport.create(JMSExceptionSupport.java:35)
	at org.apache.activemq.command.ActiveMQObjectMessage.getObject(ActiveMQObjectMessage.java:191)
	at com.mgwvalas.sintesis.handler.RateUpdatedListener.onMessage(RateUpdatedListener.java:32)
	... 9 more
Caused by: java.io.InvalidClassException: com.mgwvalas.moneychanger.domain.Rate; local class incompatible: stream classdesc serialVersionUID = 5199403578266936967, local class serialVersionUID = 1740446502755781735
	at java.io.ObjectStreamClass.initNonProxy(Unknown Source)
	at java.io.ObjectInputStream.readNonProxyDesc(Unknown Source)
	at java.io.ObjectInputStream.readClassDesc(Unknown Source)
	at java.io.ObjectInputStream.readOrdinaryObject(Unknown Source)
	at java.io.ObjectInputStream.readObject0(Unknown Source)
	at java.io.ObjectInputStream.readObject(Unknown Source)
	at java.util.ArrayList.readObject(Unknown Source)
	at sun.reflect.GeneratedMethodAccessor4.invoke(Unknown Source)
	at sun.reflect.DelegatingMethodAccessorImpl.invoke(Unknown Source)
	at java.lang.reflect.Method.invoke(Unknown Source)
	at java.io.ObjectStreamClass.invokeReadObject(Unknown Source)
	at java.io.ObjectInputStream.readSerialData(Unknown Source)
	at java.io.ObjectInputStream.readOrdinaryObject(Unknown Source)
	at java.io.ObjectInputStream.readObject0(Unknown Source)
	at java.io.ObjectInputStream.defaultReadFields(Unknown Source)
	at java.io.ObjectInputStream.readSerialData(Unknown Source)
	at java.io.ObjectInputStream.readOrdinaryObject(Unknown Source)
	at java.io.ObjectInputStream.readObject0(Unknown Source)
	at java.io.ObjectInputStream.readObject(Unknown Source)
	at org.apache.activemq.command.ActiveMQObjectMessage.getObject(ActiveMQObjectMessage.java:184)
	... 10 more
2012-11-05 17:32:01,718 [org.springframework.jms.listener.DefaultMessageListenerContainer#0-1] WARN (AbstractMessageListenerContainer.java:694) ­ Execution of JMS message listener failed, and no ErrorHandler has been set.
org.springframework.jms.UncategorizedJmsException: Uncategorized exception occured during JMS processing; nested exception is javax.jms.JMSException: Failed to build body from bytes. Reason: java.io.InvalidClassException: com.mgwvalas.moneychanger.domain.Rate; local class incompatible: stream classdesc serialVersionUID = 5199403578266936967, local class serialVersionUID = 1740446502755781735
	at org.springframework.jms.support.JmsUtils.convertJmsAccessException(JmsUtils.java:316)
	at com.mgwvalas.sintesis.handler.RateUpdatedListener.onMessage(RateUpdatedListener.java:36)
	at org.springframework.jms.listener.AbstractMessageListenerContainer.doInvokeListener(AbstractMessageListenerContainer.java:560)
	at org.springframework.jms.listener.AbstractMessageListenerContainer.invokeListener(AbstractMessageListenerContainer.java:498)
	at org.springframework.jms.listener.AbstractMessageListenerContainer.doExecuteListener(AbstractMessageListenerContainer.java:467)
	at org.springframework.jms.listener.AbstractPollingMessageListenerContainer.doReceiveAndExecute(AbstractPollingMessageListenerContainer.java:325)
	at org.springframework.jms.listener.AbstractPollingMessageListenerContainer.receiveAndExecute(AbstractPollingMessageListenerContainer.java:263)
	at org.springframework.jms.listener.DefaultMessageListenerContainer$AsyncMessageListenerInvoker.invokeListener(DefaultMessageListenerContainer.java:1058)
	at org.springframework.jms.listener.DefaultMessageListenerContainer$AsyncMessageListenerInvoker.executeOngoingLoop(DefaultMessageListenerContainer.java:1050)
	at org.springframework.jms.listener.DefaultMessageListenerContainer$AsyncMessageListenerInvoker.run(DefaultMessageListenerContainer.java:947)
	at java.lang.Thread.run(Unknown Source)
Caused by: javax.jms.JMSException: Failed to build body from bytes. Reason: java.io.InvalidClassException: com.mgwvalas.moneychanger.domain.Rate; local class incompatible: stream classdesc serialVersionUID = 5199403578266936967, local class serialVersionUID = 1740446502755781735
	at org.apache.activemq.util.JMSExceptionSupport.create(JMSExceptionSupport.java:35)
	at org.apache.activemq.command.ActiveMQObjectMessage.getObject(ActiveMQObjectMessage.java:191)
	at com.mgwvalas.sintesis.handler.RateUpdatedListener.onMessage(RateUpdatedListener.java:32)
	... 9 more
Caused by: java.io.InvalidClassException: com.mgwvalas.moneychanger.domain.Rate; local class incompatible: stream classdesc serialVersionUID = 5199403578266936967, local class serialVersionUID = 1740446502755781735
	at java.io.ObjectStreamClass.initNonProxy(Unknown Source)
	at java.io.ObjectInputStream.readNonProxyDesc(Unknown Source)
	at java.io.ObjectInputStream.readClassDesc(Unknown Source)
	at java.io.ObjectInputStream.readOrdinaryObject(Unknown Source)
	at java.io.ObjectInputStream.readObject0(Unknown Source)
	at java.io.ObjectInputStream.readObject(Unknown Source)
	at java.util.ArrayList.readObject(Unknown Source)
	at sun.reflect.GeneratedMethodAccessor4.invoke(Unknown Source)
	at sun.reflect.DelegatingMethodAccessorImpl.invoke(Unknown Source)
	at java.lang.reflect.Method.invoke(Unknown Source)
	at java.io.ObjectStreamClass.invokeReadObject(Unknown Source)
	at java.io.ObjectInputStream.readSerialData(Unknown Source)
	at java.io.ObjectInputStream.readOrdinaryObject(Unknown Source)
	at java.io.ObjectInputStream.readObject0(Unknown Source)
	at java.io.ObjectInputStream.defaultReadFields(Unknown Source)
	at java.io.ObjectInputStream.readSerialData(Unknown Source)
	at java.io.ObjectInputStream.readOrdinaryObject(Unknown Source)
	at java.io.ObjectInputStream.readObject0(Unknown Source)
	at java.io.ObjectInputStream.readObject(Unknown Source)
	at org.apache.activemq.command.ActiveMQObjectMessage.getObject(ActiveMQObjectMessage.java:184)
	... 10 more
2012-11-05 17:32:02,734 [org.springframework.jms.listener.DefaultMessageListenerContainer#0-1] WARN (AbstractMessageListenerContainer.java:694) ­ Execution of JMS message listener failed, and no ErrorHandler has been set.
org.springframework.jms.UncategorizedJmsException: Uncategorized exception occured during JMS processing; nested exception is javax.jms.JMSException: Failed to build body from bytes. Reason: java.io.InvalidClassException: com.mgwvalas.moneychanger.domain.Rate; local class incompatible: stream classdesc serialVersionUID = 5199403578266936967, local class serialVersionUID = 1740446502755781735
	at org.springframework.jms.support.JmsUtils.convertJmsAccessException(JmsUtils.java:316)
	at com.mgwvalas.sintesis.handler.RateUpdatedListener.onMessage(RateUpdatedListener.java:36)
	at org.springframework.jms.listener.AbstractMessageListenerContainer.doInvokeListener(AbstractMessageListenerContainer.java:560)
	at org.springframework.jms.listener.AbstractMessageListenerContainer.invokeListener(AbstractMessageListenerContainer.java:498)
	at org.springframework.jms.listener.AbstractMessageListenerContainer.doExecuteListener(AbstractMessageListenerContainer.java:467)
	at org.springframework.jms.listener.AbstractPollingMessageListenerContainer.doReceiveAndExecute(AbstractPollingMessageListenerContainer.java:325)
	at org.springframework.jms.listener.AbstractPollingMessageListenerContainer.receiveAndExecute(AbstractPollingMessageListenerContainer.java:263)
	at org.springframework.jms.listener.DefaultMessageListenerContainer$AsyncMessageListenerInvoker.invokeListener(DefaultMessageListenerContainer.java:1058)
	at org.springframework.jms.listener.DefaultMessageListenerContainer$AsyncMessageListenerInvoker.executeOngoingLoop(DefaultMessageListenerContainer.java:1050)
	at org.springframework.jms.listener.DefaultMessageListenerContainer$AsyncMessageListenerInvoker.run(DefaultMessageListenerContainer.java:947)
	at java.lang.Thread.run(Unknown Source)
Caused by: javax.jms.JMSException: Failed to build body from bytes. Reason: java.io.InvalidClassException: com.mgwvalas.moneychanger.domain.Rate; local class incompatible: stream classdesc serialVersionUID = 5199403578266936967, local class serialVersionUID = 1740446502755781735
	at org.apache.activemq.util.JMSExceptionSupport.create(JMSExceptionSupport.java:35)
	at org.apache.activemq.command.ActiveMQObjectMessage.getObject(ActiveMQObjectMessage.java:191)
	at com.mgwvalas.sintesis.handler.RateUpdatedListener.onMessage(RateUpdatedListener.java:32)
	... 9 more
Caused by: java.io.InvalidClassException: com.mgwvalas.moneychanger.domain.Rate; local class incompatible: stream classdesc serialVersionUID = 5199403578266936967, local class serialVersionUID = 1740446502755781735
	at java.io.ObjectStreamClass.initNonProxy(Unknown Source)
	at java.io.ObjectInputStream.readNonProxyDesc(Unknown Source)
	at java.io.ObjectInputStream.readClassDesc(Unknown Source)
	at java.io.ObjectInputStream.readOrdinaryObject(Unknown Source)
	at java.io.ObjectInputStream.readObject0(Unknown Source)
	at java.io.ObjectInputStream.readObject(Unknown Source)
	at java.util.ArrayList.readObject(Unknown Source)
	at sun.reflect.GeneratedMethodAccessor4.invoke(Unknown Source)
	at sun.reflect.DelegatingMethodAccessorImpl.invoke(Unknown Source)
	at java.lang.reflect.Method.invoke(Unknown Source)
	at java.io.ObjectStreamClass.invokeReadObject(Unknown Source)
	at java.io.ObjectInputStream.readSerialData(Unknown Source)
	at java.io.ObjectInputStream.readOrdinaryObject(Unknown Source)
	at java.io.ObjectInputStream.readObject0(Unknown Source)
	at java.io.ObjectInputStream.defaultReadFields(Unknown Source)
	at java.io.ObjectInputStream.readSerialData(Unknown Source)
	at java.io.ObjectInputStream.readOrdinaryObject(Unknown Source)
	at java.io.ObjectInputStream.readObject0(Unknown Source)
	at java.io.ObjectInputStream.readObject(Unknown Source)
	at org.apache.activemq.command.ActiveMQObjectMessage.getObject(ActiveMQObjectMessage.java:184)
	... 10 more
2012-11-05 17:32:03,734 [org.springframework.jms.listener.DefaultMessageListenerContainer#0-1] WARN (AbstractMessageListenerContainer.java:694) ­ Execution of JMS message listener failed, and no ErrorHandler has been set.
org.springframework.jms.UncategorizedJmsException: Uncategorized exception occured during JMS processing; nested exception is javax.jms.JMSException: Failed to build body from bytes. Reason: java.io.InvalidClassException: com.mgwvalas.moneychanger.domain.Rate; local class incompatible: stream classdesc serialVersionUID = 5199403578266936967, local class serialVersionUID = 1740446502755781735
	at org.springframework.jms.support.JmsUtils.convertJmsAccessException(JmsUtils.java:316)
	at com.mgwvalas.sintesis.handler.RateUpdatedListener.onMessage(RateUpdatedListener.java:36)
	at org.springframework.jms.listener.AbstractMessageListenerContainer.doInvokeListener(AbstractMessageListenerContainer.java:560)
	at org.springframework.jms.listener.AbstractMessageListenerContainer.invokeListener(AbstractMessageListenerContainer.java:498)
	at org.springframework.jms.listener.AbstractMessageListenerContainer.doExecuteListener(AbstractMessageListenerContainer.java:467)
	at org.springframework.jms.listener.AbstractPollingMessageListenerContainer.doReceiveAndExecute(AbstractPollingMessageListenerContainer.java:325)
	at org.springframework.jms.listener.AbstractPollingMessageListenerContainer.receiveAndExecute(AbstractPollingMessageListenerContainer.java:263)
	at org.springframework.jms.listener.DefaultMessageListenerContainer$AsyncMessageListenerInvoker.invokeListener(DefaultMessageListenerContainer.java:1058)
	at org.springframework.jms.listener.DefaultMessageListenerContainer$AsyncMessageListenerInvoker.executeOngoingLoop(DefaultMessageListenerContainer.java:1050)
	at org.springframework.jms.listener.DefaultMessageListenerContainer$AsyncMessageListenerInvoker.run(DefaultMessageListenerContainer.java:947)
	at java.lang.Thread.run(Unknown Source)
Caused by: javax.jms.JMSException: Failed to build body from bytes. Reason: java.io.InvalidClassException: com.mgwvalas.moneychanger.domain.Rate; local class incompatible: stream classdesc serialVersionUID = 5199403578266936967, local class serialVersionUID = 1740446502755781735
	at org.apache.activemq.util.JMSExceptionSupport.create(JMSExceptionSupport.java:35)
	at org.apache.activemq.command.ActiveMQObjectMessage.getObject(ActiveMQObjectMessage.java:191)
	at com.mgwvalas.sintesis.handler.RateUpdatedListener.onMessage(RateUpdatedListener.java:32)
	... 9 more
Caused by: java.io.InvalidClassException: com.mgwvalas.moneychanger.domain.Rate; local class incompatible: stream classdesc serialVersionUID = 5199403578266936967, local class serialVersionUID = 1740446502755781735
	at java.io.ObjectStreamClass.initNonProxy(Unknown Source)
	at java.io.ObjectInputStream.readNonProxyDesc(Unknown Source)
	at java.io.ObjectInputStream.readClassDesc(Unknown Source)
	at java.io.ObjectInputStream.readOrdinaryObject(Unknown Source)
	at java.io.ObjectInputStream.readObject0(Unknown Source)
	at java.io.ObjectInputStream.readObject(Unknown Source)
	at java.util.ArrayList.readObject(Unknown Source)
	at sun.reflect.GeneratedMethodAccessor4.invoke(Unknown Source)
	at sun.reflect.DelegatingMethodAccessorImpl.invoke(Unknown Source)
	at java.lang.reflect.Method.invoke(Unknown Source)
	at java.io.ObjectStreamClass.invokeReadObject(Unknown Source)
	at java.io.ObjectInputStream.readSerialData(Unknown Source)
	at java.io.ObjectInputStream.readOrdinaryObject(Unknown Source)
	at java.io.ObjectInputStream.readObject0(Unknown Source)
	at java.io.ObjectInputStream.defaultReadFields(Unknown Source)
	at java.io.ObjectInputStream.readSerialData(Unknown Source)
	at java.io.ObjectInputStream.readOrdinaryObject(Unknown Source)
	at java.io.ObjectInputStream.readObject0(Unknown Source)
	at java.io.ObjectInputStream.readObject(Unknown Source)
	at org.apache.activemq.command.ActiveMQObjectMessage.getObject(ActiveMQObjectMessage.java:184)
	... 10 more
2012-11-05 17:32:04,734 [org.springframework.jms.listener.DefaultMessageListenerContainer#0-1] WARN (AbstractMessageListenerContainer.java:694) ­ Execution of JMS message listener failed, and no ErrorHandler has been set.
org.springframework.jms.UncategorizedJmsException: Uncategorized exception occured during JMS processing; nested exception is javax.jms.JMSException: Failed to build body from bytes. Reason: java.io.InvalidClassException: com.mgwvalas.moneychanger.domain.Rate; local class incompatible: stream classdesc serialVersionUID = 5199403578266936967, local class serialVersionUID = 1740446502755781735
	at org.springframework.jms.support.JmsUtils.convertJmsAccessException(JmsUtils.java:316)
	at com.mgwvalas.sintesis.handler.RateUpdatedListener.onMessage(RateUpdatedListener.java:36)
	at org.springframework.jms.listener.AbstractMessageListenerContainer.doInvokeListener(AbstractMessageListenerContainer.java:560)
	at org.springframework.jms.listener.AbstractMessageListenerContainer.invokeListener(AbstractMessageListenerContainer.java:498)
	at org.springframework.jms.listener.AbstractMessageListenerContainer.doExecuteListener(AbstractMessageListenerContainer.java:467)
	at org.springframework.jms.listener.AbstractPollingMessageListenerContainer.doReceiveAndExecute(AbstractPollingMessageListenerContainer.java:325)
	at org.springframework.jms.listener.AbstractPollingMessageListenerContainer.receiveAndExecute(AbstractPollingMessageListenerContainer.java:263)
	at org.springframework.jms.listener.DefaultMessageListenerContainer$AsyncMessageListenerInvoker.invokeListener(DefaultMessageListenerContainer.java:1058)
	at org.springframework.jms.listener.DefaultMessageListenerContainer$AsyncMessageListenerInvoker.executeOngoingLoop(DefaultMessageListenerContainer.java:1050)
	at org.springframework.jms.listener.DefaultMessageListenerContainer$AsyncMessageListenerInvoker.run(DefaultMessageListenerContainer.java:947)
	at java.lang.Thread.run(Unknown Source)
Caused by: javax.jms.JMSException: Failed to build body from bytes. Reason: java.io.InvalidClassException: com.mgwvalas.moneychanger.domain.Rate; local class incompatible: stream classdesc serialVersionUID = 5199403578266936967, local class serialVersionUID = 1740446502755781735
	at org.apache.activemq.util.JMSExceptionSupport.create(JMSExceptionSupport.java:35)
	at org.apache.activemq.command.ActiveMQObjectMessage.getObject(ActiveMQObjectMessage.java:191)
	at com.mgwvalas.sintesis.handler.RateUpdatedListener.onMessage(RateUpdatedListener.java:32)
	... 9 more
Caused by: java.io.InvalidClassException: com.mgwvalas.moneychanger.domain.Rate; local class incompatible: stream classdesc serialVersionUID = 5199403578266936967, local class serialVersionUID = 1740446502755781735
	at java.io.ObjectStreamClass.initNonProxy(Unknown Source)
	at java.io.ObjectInputStream.readNonProxyDesc(Unknown Source)
	at java.io.ObjectInputStream.readClassDesc(Unknown Source)
	at java.io.ObjectInputStream.readOrdinaryObject(Unknown Source)
	at java.io.ObjectInputStream.readObject0(Unknown Source)
	at java.io.ObjectInputStream.readObject(Unknown Source)
	at java.util.ArrayList.readObject(Unknown Source)
	at sun.reflect.GeneratedMethodAccessor4.invoke(Unknown Source)
	at sun.reflect.DelegatingMethodAccessorImpl.invoke(Unknown Source)
	at java.lang.reflect.Method.invoke(Unknown Source)
	at java.io.ObjectStreamClass.invokeReadObject(Unknown Source)
	at java.io.ObjectInputStream.readSerialData(Unknown Source)
	at java.io.ObjectInputStream.readOrdinaryObject(Unknown Source)
	at java.io.ObjectInputStream.readObject0(Unknown Source)
	at java.io.ObjectInputStream.defaultReadFields(Unknown Source)
	at java.io.ObjectInputStream.readSerialData(Unknown Source)
	at java.io.ObjectInputStream.readOrdinaryObject(Unknown Source)
	at java.io.ObjectInputStream.readObject0(Unknown Source)
	at java.io.ObjectInputStream.readObject(Unknown Source)
	at org.apache.activemq.command.ActiveMQObjectMessage.getObject(ActiveMQObjectMessage.java:184)
	... 10 more
2012-11-05 17:32:05,734 [org.springframework.jms.listener.DefaultMessageListenerContainer#0-1] WARN (AbstractMessageListenerContainer.java:694) ­ Execution of JMS message listener failed, and no ErrorHandler has been set.
org.springframework.jms.UncategorizedJmsException: Uncategorized exception occured during JMS processing; nested exception is javax.jms.JMSException: Failed to build body from bytes. Reason: java.io.InvalidClassException: com.mgwvalas.moneychanger.domain.Rate; local class incompatible: stream classdesc serialVersionUID = 5199403578266936967, local class serialVersionUID = 1740446502755781735
	at org.springframework.jms.support.JmsUtils.convertJmsAccessException(JmsUtils.java:316)
	at com.mgwvalas.sintesis.handler.RateUpdatedListener.onMessage(RateUpdatedListener.java:36)
	at org.springframework.jms.listener.AbstractMessageListenerContainer.doInvokeListener(AbstractMessageListenerContainer.java:560)
	at org.springframework.jms.listener.AbstractMessageListenerContainer.invokeListener(AbstractMessageListenerContainer.java:498)
	at org.springframework.jms.listener.AbstractMessageListenerContainer.doExecuteListener(AbstractMessageListenerContainer.java:467)
	at org.springframework.jms.listener.AbstractPollingMessageListenerContainer.doReceiveAndExecute(AbstractPollingMessageListenerContainer.java:325)
	at org.springframework.jms.listener.AbstractPollingMessageListenerContainer.receiveAndExecute(AbstractPollingMessageListenerContainer.java:263)
	at org.springframework.jms.listener.DefaultMessageListenerContainer$AsyncMessageListenerInvoker.invokeListener(DefaultMessageListenerContainer.java:1058)
	at org.springframework.jms.listener.DefaultMessageListenerContainer$AsyncMessageListenerInvoker.executeOngoingLoop(DefaultMessageListenerContainer.java:1050)
	at org.springframework.jms.listener.DefaultMessageListenerContainer$AsyncMessageListenerInvoker.run(DefaultMessageListenerContainer.java:947)
	at java.lang.Thread.run(Unknown Source)
Caused by: javax.jms.JMSException: Failed to build body from bytes. Reason: java.io.InvalidClassException: com.mgwvalas.moneychanger.domain.Rate; local class incompatible: stream classdesc serialVersionUID = 5199403578266936967, local class serialVersionUID = 1740446502755781735
	at org.apache.activemq.util.JMSExceptionSupport.create(JMSExceptionSupport.java:35)
	at org.apache.activemq.command.ActiveMQObjectMessage.getObject(ActiveMQObjectMessage.java:191)
	at com.mgwvalas.sintesis.handler.RateUpdatedListener.onMessage(RateUpdatedListener.java:32)
	... 9 more
Caused by: java.io.InvalidClassException: com.mgwvalas.moneychanger.domain.Rate; local class incompatible: stream classdesc serialVersionUID = 5199403578266936967, local class serialVersionUID = 1740446502755781735
	at java.io.ObjectStreamClass.initNonProxy(Unknown Source)
	at java.io.ObjectInputStream.readNonProxyDesc(Unknown Source)
	at java.io.ObjectInputStream.readClassDesc(Unknown Source)
	at java.io.ObjectInputStream.readOrdinaryObject(Unknown Source)
	at java.io.ObjectInputStream.readObject0(Unknown Source)
	at java.io.ObjectInputStream.readObject(Unknown Source)
	at java.util.ArrayList.readObject(Unknown Source)
	at sun.reflect.GeneratedMethodAccessor4.invoke(Unknown Source)
	at sun.reflect.DelegatingMethodAccessorImpl.invoke(Unknown Source)
	at java.lang.reflect.Method.invoke(Unknown Source)
	at java.io.ObjectStreamClass.invokeReadObject(Unknown Source)
	at java.io.ObjectInputStream.readSerialData(Unknown Source)
	at java.io.ObjectInputStream.readOrdinaryObject(Unknown Source)
	at java.io.ObjectInputStream.readObject0(Unknown Source)
	at java.io.ObjectInputStream.defaultReadFields(Unknown Source)
	at java.io.ObjectInputStream.readSerialData(Unknown Source)
	at java.io.ObjectInputStream.readOrdinaryObject(Unknown Source)
	at java.io.ObjectInputStream.readObject0(Unknown Source)
	at java.io.ObjectInputStream.readObject(Unknown Source)
	at org.apache.activemq.command.ActiveMQObjectMessage.getObject(ActiveMQObjectMessage.java:184)
	... 10 more
2012-11-05 17:32:06,734 [org.springframework.jms.listener.DefaultMessageListenerContainer#0-1] WARN (AbstractMessageListenerContainer.java:694) ­ Execution of JMS message listener failed, and no ErrorHandler has been set.
org.springframework.jms.UncategorizedJmsException: Uncategorized exception occured during JMS processing; nested exception is javax.jms.JMSException: Failed to build body from bytes. Reason: java.io.InvalidClassException: com.mgwvalas.moneychanger.domain.Rate; local class incompatible: stream classdesc serialVersionUID = 5199403578266936967, local class serialVersionUID = 1740446502755781735
	at org.springframework.jms.support.JmsUtils.convertJmsAccessException(JmsUtils.java:316)
	at com.mgwvalas.sintesis.handler.RateUpdatedListener.onMessage(RateUpdatedListener.java:36)
	at org.springframework.jms.listener.AbstractMessageListenerContainer.doInvokeListener(AbstractMessageListenerContainer.java:560)
	at org.springframework.jms.listener.AbstractMessageListenerContainer.invokeListener(AbstractMessageListenerContainer.java:498)
	at org.springframework.jms.listener.AbstractMessageListenerContainer.doExecuteListener(AbstractMessageListenerContainer.java:467)
	at org.springframework.jms.listener.AbstractPollingMessageListenerContainer.doReceiveAndExecute(AbstractPollingMessageListenerContainer.java:325)
	at org.springframework.jms.listener.AbstractPollingMessageListenerContainer.receiveAndExecute(AbstractPollingMessageListenerContainer.java:263)
	at org.springframework.jms.listener.DefaultMessageListenerContainer$AsyncMessageListenerInvoker.invokeListener(DefaultMessageListenerContainer.java:1058)
	at org.springframework.jms.listener.DefaultMessageListenerContainer$AsyncMessageListenerInvoker.executeOngoingLoop(DefaultMessageListenerContainer.java:1050)
	at org.springframework.jms.listener.DefaultMessageListenerContainer$AsyncMessageListenerInvoker.run(DefaultMessageListenerContainer.java:947)
	at java.lang.Thread.run(Unknown Source)
Caused by: javax.jms.JMSException: Failed to build body from bytes. Reason: java.io.InvalidClassException: com.mgwvalas.moneychanger.domain.Rate; local class incompatible: stream classdesc serialVersionUID = 5199403578266936967, local class serialVersionUID = 1740446502755781735
	at org.apache.activemq.util.JMSExceptionSupport.create(JMSExceptionSupport.java:35)
	at org.apache.activemq.command.ActiveMQObjectMessage.getObject(ActiveMQObjectMessage.java:191)
	at com.mgwvalas.sintesis.handler.RateUpdatedListener.onMessage(RateUpdatedListener.java:32)
	... 9 more
Caused by: java.io.InvalidClassException: com.mgwvalas.moneychanger.domain.Rate; local class incompatible: stream classdesc serialVersionUID = 5199403578266936967, local class serialVersionUID = 1740446502755781735
	at java.io.ObjectStreamClass.initNonProxy(Unknown Source)
	at java.io.ObjectInputStream.readNonProxyDesc(Unknown Source)
	at java.io.ObjectInputStream.readClassDesc(Unknown Source)
	at java.io.ObjectInputStream.readOrdinaryObject(Unknown Source)
	at java.io.ObjectInputStream.readObject0(Unknown Source)
	at java.io.ObjectInputStream.readObject(Unknown Source)
	at java.util.ArrayList.readObject(Unknown Source)
	at sun.reflect.GeneratedMethodAccessor4.invoke(Unknown Source)
	at sun.reflect.DelegatingMethodAccessorImpl.invoke(Unknown Source)
	at java.lang.reflect.Method.invoke(Unknown Source)
	at java.io.ObjectStreamClass.invokeReadObject(Unknown Source)
	at java.io.ObjectInputStream.readSerialData(Unknown Source)
	at java.io.ObjectInputStream.readOrdinaryObject(Unknown Source)
	at java.io.ObjectInputStream.readObject0(Unknown Source)
	at java.io.ObjectInputStream.defaultReadFields(Unknown Source)
	at java.io.ObjectInputStream.readSerialData(Unknown Source)
	at java.io.ObjectInputStream.readOrdinaryObject(Unknown Source)
	at java.io.ObjectInputStream.readObject0(Unknown Source)
	at java.io.ObjectInputStream.readObject(Unknown Source)
	at org.apache.activemq.command.ActiveMQObjectMessage.getObject(ActiveMQObjectMessage.java:184)
	... 10 more
2012-11-05 17:32:06,750 [org.springframework.jms.listener.DefaultMessageListenerContainer#0-1] WARN (AbstractMessageListenerContainer.java:694) ­ Execution of JMS message listener failed, and no ErrorHandler has been set.
org.springframework.jms.UncategorizedJmsException: Uncategorized exception occured during JMS processing; nested exception is javax.jms.JMSException: Failed to build body from bytes. Reason: java.io.InvalidClassException: com.mgwvalas.moneychanger.domain.Rate; local class incompatible: stream classdesc serialVersionUID = 5199403578266936967, local class serialVersionUID = 1740446502755781735
	at org.springframework.jms.support.JmsUtils.convertJmsAccessException(JmsUtils.java:316)
	at com.mgwvalas.sintesis.handler.RateUpdatedListener.onMessage(RateUpdatedListener.java:36)
	at org.springframework.jms.listener.AbstractMessageListenerContainer.doInvokeListener(AbstractMessageListenerContainer.java:560)
	at org.springframework.jms.listener.AbstractMessageListenerContainer.invokeListener(AbstractMessageListenerContainer.java:498)
	at org.springframework.jms.listener.AbstractMessageListenerContainer.doExecuteListener(AbstractMessageListenerContainer.java:467)
	at org.springframework.jms.listener.AbstractPollingMessageListenerContainer.doReceiveAndExecute(AbstractPollingMessageListenerContainer.java:325)
	at org.springframework.jms.listener.AbstractPollingMessageListenerContainer.receiveAndExecute(AbstractPollingMessageListenerContainer.java:263)
	at org.springframework.jms.listener.DefaultMessageListenerContainer$AsyncMessageListenerInvoker.invokeListener(DefaultMessageListenerContainer.java:1058)
	at org.springframework.jms.listener.DefaultMessageListenerContainer$AsyncMessageListenerInvoker.executeOngoingLoop(DefaultMessageListenerContainer.java:1050)
	at org.springframework.jms.listener.DefaultMessageListenerContainer$AsyncMessageListenerInvoker.run(DefaultMessageListenerContainer.java:947)
	at java.lang.Thread.run(Unknown Source)
Caused by: javax.jms.JMSException: Failed to build body from bytes. Reason: java.io.InvalidClassException: com.mgwvalas.moneychanger.domain.Rate; local class incompatible: stream classdesc serialVersionUID = 5199403578266936967, local class serialVersionUID = 1740446502755781735
	at org.apache.activemq.util.JMSExceptionSupport.create(JMSExceptionSupport.java:35)
	at org.apache.activemq.command.ActiveMQObjectMessage.getObject(ActiveMQObjectMessage.java:191)
	at com.mgwvalas.sintesis.handler.RateUpdatedListener.onMessage(RateUpdatedListener.java:32)
	... 9 more
Caused by: java.io.InvalidClassException: com.mgwvalas.moneychanger.domain.Rate; local class incompatible: stream classdesc serialVersionUID = 5199403578266936967, local class serialVersionUID = 1740446502755781735
	at java.io.ObjectStreamClass.initNonProxy(Unknown Source)
	at java.io.ObjectInputStream.readNonProxyDesc(Unknown Source)
	at java.io.ObjectInputStream.readClassDesc(Unknown Source)
	at java.io.ObjectInputStream.readOrdinaryObject(Unknown Source)
	at java.io.ObjectInputStream.readObject0(Unknown Source)
	at java.io.ObjectInputStream.readObject(Unknown Source)
	at java.util.ArrayList.readObject(Unknown Source)
	at sun.reflect.GeneratedMethodAccessor4.invoke(Unknown Source)
	at sun.reflect.DelegatingMethodAccessorImpl.invoke(Unknown Source)
	at java.lang.reflect.Method.invoke(Unknown Source)
	at java.io.ObjectStreamClass.invokeReadObject(Unknown Source)
	at java.io.ObjectInputStream.readSerialData(Unknown Source)
	at java.io.ObjectInputStream.readOrdinaryObject(Unknown Source)
	at java.io.ObjectInputStream.readObject0(Unknown Source)
	at java.io.ObjectInputStream.defaultReadFields(Unknown Source)
	at java.io.ObjectInputStream.readSerialData(Unknown Source)
	at java.io.ObjectInputStream.readOrdinaryObject(Unknown Source)
	at java.io.ObjectInputStream.readObject0(Unknown Source)
	at java.io.ObjectInputStream.readObject(Unknown Source)
	at org.apache.activemq.command.ActiveMQObjectMessage.getObject(ActiveMQObjectMessage.java:184)
	... 10 more
2012-11-05 17:32:07,781 [org.springframework.jms.listener.DefaultMessageListenerContainer#0-1] WARN (AbstractMessageListenerContainer.java:694) ­ Execution of JMS message listener failed, and no ErrorHandler has been set.
org.springframework.jms.UncategorizedJmsException: Uncategorized exception occured during JMS processing; nested exception is javax.jms.JMSException: Failed to build body from bytes. Reason: java.io.InvalidClassException: com.mgwvalas.moneychanger.domain.Rate; local class incompatible: stream classdesc serialVersionUID = 5199403578266936967, local class serialVersionUID = 1740446502755781735
	at org.springframework.jms.support.JmsUtils.convertJmsAccessException(JmsUtils.java:316)
	at com.mgwvalas.sintesis.handler.RateUpdatedListener.onMessage(RateUpdatedListener.java:36)
	at org.springframework.jms.listener.AbstractMessageListenerContainer.doInvokeListener(AbstractMessageListenerContainer.java:560)
	at org.springframework.jms.listener.AbstractMessageListenerContainer.invokeListener(AbstractMessageListenerContainer.java:498)
	at org.springframework.jms.listener.AbstractMessageListenerContainer.doExecuteListener(AbstractMessageListenerContainer.java:467)
	at org.springframework.jms.listener.AbstractPollingMessageListenerContainer.doReceiveAndExecute(AbstractPollingMessageListenerContainer.java:325)
	at org.springframework.jms.listener.AbstractPollingMessageListenerContainer.receiveAndExecute(AbstractPollingMessageListenerContainer.java:263)
	at org.springframework.jms.listener.DefaultMessageListenerContainer$AsyncMessageListenerInvoker.invokeListener(DefaultMessageListenerContainer.java:1058)
	at org.springframework.jms.listener.DefaultMessageListenerContainer$AsyncMessageListenerInvoker.executeOngoingLoop(DefaultMessageListenerContainer.java:1050)
	at org.springframework.jms.listener.DefaultMessageListenerContainer$AsyncMessageListenerInvoker.run(DefaultMessageListenerContainer.java:947)
	at java.lang.Thread.run(Unknown Source)
Caused by: javax.jms.JMSException: Failed to build body from bytes. Reason: java.io.InvalidClassException: com.mgwvalas.moneychanger.domain.Rate; local class incompatible: stream classdesc serialVersionUID = 5199403578266936967, local class serialVersionUID = 1740446502755781735
	at org.apache.activemq.util.JMSExceptionSupport.create(JMSExceptionSupport.java:35)
	at org.apache.activemq.command.ActiveMQObjectMessage.getObject(ActiveMQObjectMessage.java:191)
	at com.mgwvalas.sintesis.handler.RateUpdatedListener.onMessage(RateUpdatedListener.java:32)
	... 9 more
Caused by: java.io.InvalidClassException: com.mgwvalas.moneychanger.domain.Rate; local class incompatible: stream classdesc serialVersionUID = 5199403578266936967, local class serialVersionUID = 1740446502755781735
	at java.io.ObjectStreamClass.initNonProxy(Unknown Source)
	at java.io.ObjectInputStream.readNonProxyDesc(Unknown Source)
	at java.io.ObjectInputStream.readClassDesc(Unknown Source)
	at java.io.ObjectInputStream.readOrdinaryObject(Unknown Source)
	at java.io.ObjectInputStream.readObject0(Unknown Source)
	at java.io.ObjectInputStream.readObject(Unknown Source)
	at java.util.ArrayList.readObject(Unknown Source)
	at sun.reflect.GeneratedMethodAccessor4.invoke(Unknown Source)
	at sun.reflect.DelegatingMethodAccessorImpl.invoke(Unknown Source)
	at java.lang.reflect.Method.invoke(Unknown Source)
	at java.io.ObjectStreamClass.invokeReadObject(Unknown Source)
	at java.io.ObjectInputStream.readSerialData(Unknown Source)
	at java.io.ObjectInputStream.readOrdinaryObject(Unknown Source)
	at java.io.ObjectInputStream.readObject0(Unknown Source)
	at java.io.ObjectInputStream.defaultReadFields(Unknown Source)
	at java.io.ObjectInputStream.readSerialData(Unknown Source)
	at java.io.ObjectInputStream.readOrdinaryObject(Unknown Source)
	at java.io.ObjectInputStream.readObject0(Unknown Source)
	at java.io.ObjectInputStream.readObject(Unknown Source)
	at org.apache.activemq.command.ActiveMQObjectMessage.getObject(ActiveMQObjectMessage.java:184)
	... 10 more
2012-11-05 17:32:08,781 [org.springframework.jms.listener.DefaultMessageListenerContainer#0-1] WARN (AbstractMessageListenerContainer.java:694) ­ Execution of JMS message listener failed, and no ErrorHandler has been set.
org.springframework.jms.UncategorizedJmsException: Uncategorized exception occured during JMS processing; nested exception is javax.jms.JMSException: Failed to build body from bytes. Reason: java.io.InvalidClassException: com.mgwvalas.moneychanger.domain.Rate; local class incompatible: stream classdesc serialVersionUID = 5199403578266936967, local class serialVersionUID = 1740446502755781735
	at org.springframework.jms.support.JmsUtils.convertJmsAccessException(JmsUtils.java:316)
	at com.mgwvalas.sintesis.handler.RateUpdatedListener.onMessage(RateUpdatedListener.java:36)
	at org.springframework.jms.listener.AbstractMessageListenerContainer.doInvokeListener(AbstractMessageListenerContainer.java:560)
	at org.springframework.jms.listener.AbstractMessageListenerContainer.invokeListener(AbstractMessageListenerContainer.java:498)
	at org.springframework.jms.listener.AbstractMessageListenerContainer.doExecuteListener(AbstractMessageListenerContainer.java:467)
	at org.springframework.jms.listener.AbstractPollingMessageListenerContainer.doReceiveAndExecute(AbstractPollingMessageListenerContainer.java:325)
	at org.springframework.jms.listener.AbstractPollingMessageListenerContainer.receiveAndExecute(AbstractPollingMessageListenerContainer.java:263)
	at org.springframework.jms.listener.DefaultMessageListenerContainer$AsyncMessageListenerInvoker.invokeListener(DefaultMessageListenerContainer.java:1058)
	at org.springframework.jms.listener.DefaultMessageListenerContainer$AsyncMessageListenerInvoker.executeOngoingLoop(DefaultMessageListenerContainer.java:1050)
	at org.springframework.jms.listener.DefaultMessageListenerContainer$AsyncMessageListenerInvoker.run(DefaultMessageListenerContainer.java:947)
	at java.lang.Thread.run(Unknown Source)
Caused by: javax.jms.JMSException: Failed to build body from bytes. Reason: java.io.InvalidClassException: com.mgwvalas.moneychanger.domain.Rate; local class incompatible: stream classdesc serialVersionUID = 5199403578266936967, local class serialVersionUID = 1740446502755781735
	at org.apache.activemq.util.JMSExceptionSupport.create(JMSExceptionSupport.java:35)
	at org.apache.activemq.command.ActiveMQObjectMessage.getObject(ActiveMQObjectMessage.java:191)
	at com.mgwvalas.sintesis.handler.RateUpdatedListener.onMessage(RateUpdatedListener.java:32)
	... 9 more
Caused by: java.io.InvalidClassException: com.mgwvalas.moneychanger.domain.Rate; local class incompatible: stream classdesc serialVersionUID = 5199403578266936967, local class serialVersionUID = 1740446502755781735
	at java.io.ObjectStreamClass.initNonProxy(Unknown Source)
	at java.io.ObjectInputStream.readNonProxyDesc(Unknown Source)
	at java.io.ObjectInputStream.readClassDesc(Unknown Source)
	at java.io.ObjectInputStream.readOrdinaryObject(Unknown Source)
	at java.io.ObjectInputStream.readObject0(Unknown Source)
	at java.io.ObjectInputStream.readObject(Unknown Source)
	at java.util.ArrayList.readObject(Unknown Source)
	at sun.reflect.GeneratedMethodAccessor4.invoke(Unknown Source)
	at sun.reflect.DelegatingMethodAccessorImpl.invoke(Unknown Source)
	at java.lang.reflect.Method.invoke(Unknown Source)
	at java.io.ObjectStreamClass.invokeReadObject(Unknown Source)
	at java.io.ObjectInputStream.readSerialData(Unknown Source)
	at java.io.ObjectInputStream.readOrdinaryObject(Unknown Source)
	at java.io.ObjectInputStream.readObject0(Unknown Source)
	at java.io.ObjectInputStream.defaultReadFields(Unknown Source)
	at java.io.ObjectInputStream.readSerialData(Unknown Source)
	at java.io.ObjectInputStream.readOrdinaryObject(Unknown Source)
	at java.io.ObjectInputStream.readObject0(Unknown Source)
	at java.io.ObjectInputStream.readObject(Unknown Source)
	at org.apache.activemq.command.ActiveMQObjectMessage.getObject(ActiveMQObjectMessage.java:184)
	... 10 more
2012-11-05 17:32:09,781 [org.springframework.jms.listener.DefaultMessageListenerContainer#0-1] WARN (AbstractMessageListenerContainer.java:694) ­ Execution of JMS message listener failed, and no ErrorHandler has been set.
org.springframework.jms.UncategorizedJmsException: Uncategorized exception occured during JMS processing; nested exception is javax.jms.JMSException: Failed to build body from bytes. Reason: java.io.InvalidClassException: com.mgwvalas.moneychanger.domain.Rate; local class incompatible: stream classdesc serialVersionUID = 5199403578266936967, local class serialVersionUID = 1740446502755781735
	at org.springframework.jms.support.JmsUtils.convertJmsAccessException(JmsUtils.java:316)
	at com.mgwvalas.sintesis.handler.RateUpdatedListener.onMessage(RateUpdatedListener.java:36)
	at org.springframework.jms.listener.AbstractMessageListenerContainer.doInvokeListener(AbstractMessageListenerContainer.java:560)
	at org.springframework.jms.listener.AbstractMessageListenerContainer.invokeListener(AbstractMessageListenerContainer.java:498)
	at org.springframework.jms.listener.AbstractMessageListenerContainer.doExecuteListener(AbstractMessageListenerContainer.java:467)
	at org.springframework.jms.listener.AbstractPollingMessageListenerContainer.doReceiveAndExecute(AbstractPollingMessageListenerContainer.java:325)
	at org.springframework.jms.listener.AbstractPollingMessageListenerContainer.receiveAndExecute(AbstractPollingMessageListenerContainer.java:263)
	at org.springframework.jms.listener.DefaultMessageListenerContainer$AsyncMessageListenerInvoker.invokeListener(DefaultMessageListenerContainer.java:1058)
	at org.springframework.jms.listener.DefaultMessageListenerContainer$AsyncMessageListenerInvoker.executeOngoingLoop(DefaultMessageListenerContainer.java:1050)
	at org.springframework.jms.listener.DefaultMessageListenerContainer$AsyncMessageListenerInvoker.run(DefaultMessageListenerContainer.java:947)
	at java.lang.Thread.run(Unknown Source)
Caused by: javax.jms.JMSException: Failed to build body from bytes. Reason: java.io.InvalidClassException: com.mgwvalas.moneychanger.domain.Rate; local class incompatible: stream classdesc serialVersionUID = 5199403578266936967, local class serialVersionUID = 1740446502755781735
	at org.apache.activemq.util.JMSExceptionSupport.create(JMSExceptionSupport.java:35)
	at org.apache.activemq.command.ActiveMQObjectMessage.getObject(ActiveMQObjectMessage.java:191)
	at com.mgwvalas.sintesis.handler.RateUpdatedListener.onMessage(RateUpdatedListener.java:32)
	... 9 more
Caused by: java.io.InvalidClassException: com.mgwvalas.moneychanger.domain.Rate; local class incompatible: stream classdesc serialVersionUID = 5199403578266936967, local class serialVersionUID = 1740446502755781735
	at java.io.ObjectStreamClass.initNonProxy(Unknown Source)
	at java.io.ObjectInputStream.readNonProxyDesc(Unknown Source)
	at java.io.ObjectInputStream.readClassDesc(Unknown Source)
	at java.io.ObjectInputStream.readOrdinaryObject(Unknown Source)
	at java.io.ObjectInputStream.readObject0(Unknown Source)
	at java.io.ObjectInputStream.readObject(Unknown Source)
	at java.util.ArrayList.readObject(Unknown Source)
	at sun.reflect.GeneratedMethodAccessor4.invoke(Unknown Source)
	at sun.reflect.DelegatingMethodAccessorImpl.invoke(Unknown Source)
	at java.lang.reflect.Method.invoke(Unknown Source)
	at java.io.ObjectStreamClass.invokeReadObject(Unknown Source)
	at java.io.ObjectInputStream.readSerialData(Unknown Source)
	at java.io.ObjectInputStream.readOrdinaryObject(Unknown Source)
	at java.io.ObjectInputStream.readObject0(Unknown Source)
	at java.io.ObjectInputStream.defaultReadFields(Unknown Source)
	at java.io.ObjectInputStream.readSerialData(Unknown Source)
	at java.io.ObjectInputStream.readOrdinaryObject(Unknown Source)
	at java.io.ObjectInputStream.readObject0(Unknown Source)
	at java.io.ObjectInputStream.readObject(Unknown Source)
	at org.apache.activemq.command.ActiveMQObjectMessage.getObject(ActiveMQObjectMessage.java:184)
	... 10 more
2012-11-05 17:32:10,781 [org.springframework.jms.listener.DefaultMessageListenerContainer#0-1] WARN (AbstractMessageListenerContainer.java:694) ­ Execution of JMS message listener failed, and no ErrorHandler has been set.
org.springframework.jms.UncategorizedJmsException: Uncategorized exception occured during JMS processing; nested exception is javax.jms.JMSException: Failed to build body from bytes. Reason: java.io.InvalidClassException: com.mgwvalas.moneychanger.domain.Rate; local class incompatible: stream classdesc serialVersionUID = 5199403578266936967, local class serialVersionUID = 1740446502755781735
	at org.springframework.jms.support.JmsUtils.convertJmsAccessException(JmsUtils.java:316)
	at com.mgwvalas.sintesis.handler.RateUpdatedListener.onMessage(RateUpdatedListener.java:36)
	at org.springframework.jms.listener.AbstractMessageListenerContainer.doInvokeListener(AbstractMessageListenerContainer.java:560)
	at org.springframework.jms.listener.AbstractMessageListenerContainer.invokeListener(AbstractMessageListenerContainer.java:498)
	at org.springframework.jms.listener.AbstractMessageListenerContainer.doExecuteListener(AbstractMessageListenerContainer.java:467)
	at org.springframework.jms.listener.AbstractPollingMessageListenerContainer.doReceiveAndExecute(AbstractPollingMessageListenerContainer.java:325)
	at org.springframework.jms.listener.AbstractPollingMessageListenerContainer.receiveAndExecute(AbstractPollingMessageListenerContainer.java:263)
	at org.springframework.jms.listener.DefaultMessageListenerContainer$AsyncMessageListenerInvoker.invokeListener(DefaultMessageListenerContainer.java:1058)
	at org.springframework.jms.listener.DefaultMessageListenerContainer$AsyncMessageListenerInvoker.executeOngoingLoop(DefaultMessageListenerContainer.java:1050)
	at org.springframework.jms.listener.DefaultMessageListenerContainer$AsyncMessageListenerInvoker.run(DefaultMessageListenerContainer.java:947)
	at java.lang.Thread.run(Unknown Source)
Caused by: javax.jms.JMSException: Failed to build body from bytes. Reason: java.io.InvalidClassException: com.mgwvalas.moneychanger.domain.Rate; local class incompatible: stream classdesc serialVersionUID = 5199403578266936967, local class serialVersionUID = 1740446502755781735
	at org.apache.activemq.util.JMSExceptionSupport.create(JMSExceptionSupport.java:35)
	at org.apache.activemq.command.ActiveMQObjectMessage.getObject(ActiveMQObjectMessage.java:191)
	at com.mgwvalas.sintesis.handler.RateUpdatedListener.onMessage(RateUpdatedListener.java:32)
	... 9 more
Caused by: java.io.InvalidClassException: com.mgwvalas.moneychanger.domain.Rate; local class incompatible: stream classdesc serialVersionUID = 5199403578266936967, local class serialVersionUID = 1740446502755781735
	at java.io.ObjectStreamClass.initNonProxy(Unknown Source)
	at java.io.ObjectInputStream.readNonProxyDesc(Unknown Source)
	at java.io.ObjectInputStream.readClassDesc(Unknown Source)
	at java.io.ObjectInputStream.readOrdinaryObject(Unknown Source)
	at java.io.ObjectInputStream.readObject0(Unknown Source)
	at java.io.ObjectInputStream.readObject(Unknown Source)
	at java.util.ArrayList.readObject(Unknown Source)
	at sun.reflect.GeneratedMethodAccessor4.invoke(Unknown Source)
	at sun.reflect.DelegatingMethodAccessorImpl.invoke(Unknown Source)
	at java.lang.reflect.Method.invoke(Unknown Source)
	at java.io.ObjectStreamClass.invokeReadObject(Unknown Source)
	at java.io.ObjectInputStream.readSerialData(Unknown Source)
	at java.io.ObjectInputStream.readOrdinaryObject(Unknown Source)
	at java.io.ObjectInputStream.readObject0(Unknown Source)
	at java.io.ObjectInputStream.defaultReadFields(Unknown Source)
	at java.io.ObjectInputStream.readSerialData(Unknown Source)
	at java.io.ObjectInputStream.readOrdinaryObject(Unknown Source)
	at java.io.ObjectInputStream.readObject0(Unknown Source)
	at java.io.ObjectInputStream.readObject(Unknown Source)
	at org.apache.activemq.command.ActiveMQObjectMessage.getObject(ActiveMQObjectMessage.java:184)
	... 10 more
